<?xml version="1.0" encoding="UTF-8"?>
<!-- Generated by org.testng.reporters.JUnitXMLReporter -->
<testsuite ignored="0" hostname="DESKTOP-LIU1G9N" failures="0" tests="3" name="Login Tests" time="56.509" errors="0" timestamp="2024-12-21T08:29:42 IST">
  <testcase classname="tests.LoginTest" name="testValidLogin" time="3.512"/>
  <testcase classname="tests.LoginTest" name="testValidLogin" time="1.075"/>
  <testcase classname="tests.LoginTest" name="testValidLogin" time="5.752"/>
</testsuite> <!-- Login Tests -->
