-------------------------------------------------------------------------------
Test set: tests.LoginTest
-------------------------------------------------------------------------------
Tests run: 2, Failures: 2, Errors: 0, Skipped: 0, Time elapsed: 39.299 sec <<< FAILURE!
testInValidTitle(tests.LoginTest)  Time elapsed: 2.438 sec  <<< FAILURE!
java.lang.NullPointerException: Cannot invoke "com.aventstack.extentreports.ExtentTest.log(com.aventstack.extentreports.Status, String)" because the return value of "java.lang.ThreadLocal.get()" is null
	at utils.LogManager.logToExtentReport(LogManager.java:44)
	at utils.LogManager.logFail(LogManager.java:32)
	at pages.BasePage.navigateToApp(BasePage.java:25)
	at tests.LoginTest.testInValidTitle(LoginTest.java:20)

testValidLogin(tests.LoginTest)  Time elapsed: 0.806 sec  <<< FAILURE!
java.lang.NullPointerException: Cannot invoke "com.aventstack.extentreports.ExtentTest.log(com.aventstack.extentreports.Status, String)" because the return value of "java.lang.ThreadLocal.get()" is null
	at utils.LogManager.logToExtentReport(LogManager.java:44)
	at utils.LogManager.logFail(LogManager.java:32)
	at pages.BasePage.navigateToApp(BasePage.java:25)
	at tests.LoginTest.testValidLogin(LoginTest.java:12)

