<?xml version="1.0" encoding="UTF-8"?>
<!-- Generated by org.testng.reporters.JUnitXMLReporter -->
<testsuite ignored="0" hostname="DESKTOP-LIU1G9N" failures="1" tests="2" name="Login Tests" time="23.491" errors="0" timestamp="2024-12-08T15:43:45 IST">
  <testcase classname="tests.LoginTest" name="testInValidTitle" time="2.034">
    <failure type="java.lang.AssertionError" message="expected [Swag Lab] but found [Swag Labs]">
      <![CDATA[java.lang.AssertionError: expected [Swag Lab] but found [Swag Labs]
at tests.LoginTest.testInValidTitle(LoginTest.java:22)
at java.base/java.util.concurrent.ThreadPoolExecutor.runWorker(ThreadPoolExecutor.java:1130)
at java.base/java.util.concurrent.ThreadPoolExecutor$Worker.run(ThreadPoolExecutor.java:630)
at java.base/java.lang.Thread.run(Thread.java:832)
... Removed 18 stack frames]]>
    </failure>
  </testcase> <!-- testInValidTitle -->
  <testcase classname="tests.LoginTest" name="testValidLogin" time="0.605"/>
</testsuite> <!-- Login Tests -->
